# JRE version: Java(TM) SE Runtime Environment (8.0_144-b01) (build 1.8.0_144-b01)
# Java VM: Java HotSpot(TM) Client VM (25.144-b01 mixed mode windows-x86 )
Heap:
 def new generation   total 4928K, used 644K [0x0f200000, 0x0f750000, 0x14750000)
  eden space 4416K,   2% used [0x0f200000, 0x0f221028, 0x0f650000)
  from space 512K, 100% used [0x0f6d0000, 0x0f750000, 0x0f750000)
  to   space 512K,   0% used [0x0f650000, 0x0f650000, 0x0f6d0000)
 tenured generation   total 10944K, used 4167K [0x14750000, 0x15200000, 0x1f200000)
   the space 10944K,  38% used [0x14750000, 0x14b61f98, 0x14b62000, 0x15200000)
 Metaspace       used 6037K, capacity 6098K, committed 6144K, reserved 6528K
GC Heap History (10 events):
Event: 0.803 GC heap before
{Heap before GC invocations=0 (full 0):
 def new generation   total 4928K, used 4398K [0x0f200000, 0x0f750000, 0x14750000)
  eden space 4416K,  99% used [0x0f200000, 0x0f64b9f8, 0x0f650000)
  from space 512K,   0% used [0x0f650000, 0x0f650000, 0x0f6d0000)
  to   space 512K,   0% used [0x0f6d0000, 0x0f6d0000, 0x0f750000)
 tenured generation   total 10944K, used 0K [0x14750000, 0x15200000, 0x1f200000)
   the space 10944K,   0% used [0x14750000, 0x14750000, 0x14750200, 0x15200000)
 Metaspace       used 2683K, capacity 2700K, committed 2752K, reserved 4480K
Event: 0.805 GC heap after
Heap after GC invocations=1 (full 0):
 def new generation   total 4928K, used 512K [0x0f200000, 0x0f750000, 0x14750000)
  eden space 4416K,   0% used [0x0f200000, 0x0f200000, 0x0f650000)
  from space 512K, 100% used [0x0f6d0000, 0x0f750000, 0x0f750000)
  to   space 512K,   0% used [0x0f650000, 0x0f650000, 0x0f6d0000)
 tenured generation   total 10944K, used 636K [0x14750000, 0x15200000, 0x1f200000)
   the space 10944K,   5% used [0x14750000, 0x147ef088, 0x147ef200, 0x15200000)
 Metaspace       used 2683K, capacity 2700K, committed 2752K, reserved 4480K
}
Event: 1.321 GC heap before
{Heap before GC invocations=1 (full 0):
 def new generation   total 4928K, used 4928K [0x0f200000, 0x0f750000, 0x14750000)
  eden space 4416K, 100% used [0x0f200000, 0x0f650000, 0x0f650000)
  from space 512K, 100% used [0x0f6d0000, 0x0f750000, 0x0f750000)
  to   space 512K,   0% used [0x0f650000, 0x0f650000, 0x0f6d0000)
 tenured generation   total 10944K, used 636K [0x14750000, 0x15200000, 0x1f200000)
   the space 10944K,   5% used [0x14750000, 0x147ef088, 0x147ef200, 0x15200000)
 Metaspace       used 4700K, capacity 4754K, committed 4864K, reserved 5504K
Event: 1.326 GC heap after
Heap after GC invocations=2 (full 0):
 def new generation   total 4928K, used 512K [0x0f200000, 0x0f750000, 0x14750000)
  eden space 4416K,   0% used [0x0f200000, 0x0f200000, 0x0f650000)
  from space 512K, 100% used [0x0f650000, 0x0f6d0000, 0x0f6d0000)
  to   space 512K,   0% used [0x0f6d0000, 0x0f6d0000, 0x0f750000)
 tenured generation   total 10944K, used 1714K [0x14750000, 0x15200000, 0x1f200000)
   the space 10944K,  15% used [0x14750000, 0x148fc8d0, 0x148fca00, 0x15200000)
 Metaspace       used 4700K, capacity 4754K, committed 4864K, reserved 5504K
}
Event: 1.473 GC heap before
{Heap before GC invocations=2 (full 0):
 def new generation   total 4928K, used 4928K [0x0f200000, 0x0f750000, 0x14750000)
  eden space 4416K, 100% used [0x0f200000, 0x0f650000, 0x0f650000)
  from space 512K, 100% used [0x0f650000, 0x0f6d0000, 0x0f6d0000)
  to   space 512K,   0% used [0x0f6d0000, 0x0f6d0000, 0x0f750000)
 tenured generation   total 10944K, used 1714K [0x14750000, 0x15200000, 0x1f200000)
   the space 10944K,  15% used [0x14750000, 0x148fc8d0, 0x148fca00, 0x15200000)
 Metaspace       used 5456K, capacity 5522K, committed 5632K, reserved 6528K
Event: 1.475 GC heap after
Heap after GC invocations=3 (full 0):
 def new generation   total 4928K, used 511K [0x0f200000, 0x0f750000, 0x14750000)
  eden space 4416K,   0% used [0x0f200000, 0x0f200000, 0x0f650000)
  from space 512K,  99% used [0x0f6d0000, 0x0f74fff8, 0x0f750000)
  to   space 512K,   0% used [0x0f650000, 0x0f650000, 0x0f6d0000)
 tenured generation   total 10944K, used 2674K [0x14750000, 0x15200000, 0x1f200000)
   the space 10944K,  24% used [0x14750000, 0x149ec9a8, 0x149eca00, 0x15200000)
 Metaspace       used 5456K, capacity 5522K, committed 5632K, reserved 6528K
}
Event: 1.602 GC heap before
{Heap before GC invocations=3 (full 0):
 def new generation   total 4928K, used 4927K [0x0f200000, 0x0f750000, 0x14750000)
  eden space 4416K, 100% used [0x0f200000, 0x0f650000, 0x0f650000)
  from space 512K,  99% used [0x0f6d0000, 0x0f74fff8, 0x0f750000)
  to   space 512K,   0% used [0x0f650000, 0x0f650000, 0x0f6d0000)
 tenured generation   total 10944K, used 2674K [0x14750000, 0x15200000, 0x1f200000)
   the space 10944K,  24% used [0x14750000, 0x149ec9a8, 0x149eca00, 0x15200000)
 Metaspace       used 5848K, capacity 5906K, committed 6016K, reserved 6528K
Event: 1.605 GC heap after
Heap after GC invocations=4 (full 0):
 def new generation   total 4928K, used 512K [0x0f200000, 0x0f750000, 0x14750000)
  eden space 4416K,   0% used [0x0f200000, 0x0f200000, 0x0f650000)
  from space 512K, 100% used [0x0f650000, 0x0f6d0000, 0x0f6d0000)
  to   space 512K,   0% used [0x0f6d0000, 0x0f6d0000, 0x0f750000)
 tenured generation   total 10944K, used 3446K [0x14750000, 0x15200000, 0x1f200000)
   the space 10944K,  31% used [0x14750000, 0x14aad890, 0x14aada00, 0x15200000)
 Metaspace       used 5848K, capacity 5906K, committed 6016K, reserved 6528K
}
Event: 12.350 GC heap before
{Heap before GC invocations=4 (full 0):
 def new generation   total 4928K, used 4928K [0x0f200000, 0x0f750000, 0x14750000)
  eden space 4416K, 100% used [0x0f200000, 0x0f650000, 0x0f650000)
  from space 512K, 100% used [0x0f650000, 0x0f6d0000, 0x0f6d0000)
  to   space 512K,   0% used [0x0f6d0000, 0x0f6d0000, 0x0f750000)
 tenured generation   total 10944K, used 3446K [0x14750000, 0x15200000, 0x1f200000)
   the space 10944K,  31% used [0x14750000, 0x14aad890, 0x14aada00, 0x15200000)
 Metaspace       used 6000K, capacity 6066K, committed 6144K, reserved 6528K
Event: 12.354 GC heap after
Heap after GC invocations=5 (full 0):
 def new generation   total 4928K, used 512K [0x0f200000, 0x0f750000, 0x14750000)
  eden space 4416K,   0% used [0x0f200000, 0x0f200000, 0x0f650000)
  from space 512K, 100% used [0x0f6d0000, 0x0f750000, 0x0f750000)
  to   space 512K,   0% used [0x0f650000, 0x0f650000, 0x0f6d0000)
 tenured generation   total 10944K, used 4167K [0x14750000, 0x15200000, 0x1f200000)
   the space 10944K,  38% used [0x14750000, 0x14b61f98, 0x14b62000, 0x15200000)
 Metaspace       used 6000K, capacity 6066K, committed 6144K, reserved 6528K
}

